0 info it worked if it ends with ok
1 verbose cli [ '/usr/bin/nodejs', '/usr/bin/npm', 'install', 'node' ]
2 info using npm@3.5.2
3 info using node@v4.2.6
4 verbose config Skipping project config: /home/nmaddp1995/.npmrc. (matches userconfig)
5 silly loadCurrentTree Starting
6 silly install loadCurrentTree
7 silly install readLocalPackageData
8 silly fetchPackageMetaData node
9 silly fetchNamedPackageData node
10 silly mapToRegistry name node
11 silly mapToRegistry using default registry
12 silly mapToRegistry registry https://registry.npmjs.org/
13 silly mapToRegistry uri https://registry.npmjs.org/node
14 verbose request uri https://registry.npmjs.org/node
15 verbose request no auth needed
16 info attempt registry request try #1 at 12:09:47 PM
17 verbose request id 4c2c0ad545662130
18 http request GET https://registry.npmjs.org/node
19 http 200 https://registry.npmjs.org/node
20 verbose headers { 'content-type': 'application/json; charset=UTF-8',
20 verbose headers   server: 'UploadServer',
20 verbose headers   'cache-control': 'max-age=300',
20 verbose headers   'last-modified': 'Tue, 1 May 2018 4:03:22 GMT',
20 verbose headers   etag: '"5ae7e70a-5c391"',
20 verbose headers   'x-npm-region': 'Asia',
20 verbose headers   'content-encoding': 'gzip',
20 verbose headers   'content-length': '60464',
20 verbose headers   'accept-ranges': 'bytes',
20 verbose headers   date: 'Fri, 04 May 2018 05:09:48 GMT',
20 verbose headers   via: '1.1 varnish',
20 verbose headers   age: '0',
20 verbose headers   connection: 'keep-alive',
20 verbose headers   'x-served-by': 'cache-nrt6147-NRT',
20 verbose headers   'x-cache': 'MISS',
20 verbose headers   'x-cache-hits': '0',
20 verbose headers   'x-timer': 'S1525410588.778742,VS0,VE414',
20 verbose headers   vary: 'Accept-Encoding, Accept' }
21 silly get cb [ 200,
21 silly get   { 'content-type': 'application/json; charset=UTF-8',
21 silly get     server: 'UploadServer',
21 silly get     'cache-control': 'max-age=300',
21 silly get     'last-modified': 'Tue, 1 May 2018 4:03:22 GMT',
21 silly get     etag: '"5ae7e70a-5c391"',
21 silly get     'x-npm-region': 'Asia',
21 silly get     'content-encoding': 'gzip',
21 silly get     'content-length': '60464',
21 silly get     'accept-ranges': 'bytes',
21 silly get     date: 'Fri, 04 May 2018 05:09:48 GMT',
21 silly get     via: '1.1 varnish',
21 silly get     age: '0',
21 silly get     connection: 'keep-alive',
21 silly get     'x-served-by': 'cache-nrt6147-NRT',
21 silly get     'x-cache': 'MISS',
21 silly get     'x-cache-hits': '0',
21 silly get     'x-timer': 'S1525410588.778742,VS0,VE414',
21 silly get     vary: 'Accept-Encoding, Accept' } ]
22 verbose get saving node to /home/nmaddp1995/.npm/registry.npmjs.org/node/.cache.json
23 silly install normalizeTree
24 silly loadCurrentTree Finishing
25 silly loadIdealTree Starting
26 silly install loadIdealTree
27 silly cloneCurrentTree Starting
28 silly install cloneCurrentTreeToIdealTree
29 silly cloneCurrentTree Finishing
30 silly loadShrinkwrap Starting
31 silly install loadShrinkwrap
32 silly loadShrinkwrap Finishing
33 silly loadAllDepsIntoIdealTree Starting
34 silly install loadAllDepsIntoIdealTree
35 silly resolveWithNewModule node@10.0.0 checking installable status
36 silly cache add args [ 'node', null ]
37 verbose cache add spec node
38 silly cache add parsed spec Result {
38 silly cache add   raw: 'node',
38 silly cache add   scope: null,
38 silly cache add   name: 'node',
38 silly cache add   rawSpec: '',
38 silly cache add   spec: 'latest',
38 silly cache add   type: 'tag' }
39 silly addNamed node@latest
40 verbose addNamed "latest" is being treated as a dist-tag for node
41 info addNameTag [ 'node', 'latest' ]
42 silly mapToRegistry name node
43 silly mapToRegistry using default registry
44 silly mapToRegistry registry https://registry.npmjs.org/
45 silly mapToRegistry uri https://registry.npmjs.org/node
46 verbose addNameTag registry:https://registry.npmjs.org/node not in flight; fetching
47 verbose get https://registry.npmjs.org/node not expired, no request
48 silly addNameTag next cb for node with tag latest
49 silly addNamed node@10.0.0
50 verbose addNamed "10.0.0" is a plain semver version for node
51 silly mapToRegistry name node
52 silly mapToRegistry using default registry
53 silly mapToRegistry registry https://registry.npmjs.org/
54 silly mapToRegistry uri https://registry.npmjs.org/node
55 verbose addRemoteTarball https://registry.npmjs.org/node/-/node-10.0.0.tgz not in flight; adding
56 verbose addRemoteTarball [ 'https://registry.npmjs.org/node/-/node-10.0.0.tgz',
56 verbose addRemoteTarball   'd998340e4bbba200134c1b0376ef79810ca18adb' ]
57 info retry fetch attempt 1 at 12:09:48 PM
58 info attempt registry request try #1 at 12:09:48 PM
59 http fetch GET https://registry.npmjs.org/node/-/node-10.0.0.tgz
60 http fetch 200 https://registry.npmjs.org/node/-/node-10.0.0.tgz
61 silly fetchAndShaCheck shasum d998340e4bbba200134c1b0376ef79810ca18adb
62 verbose addTmpTarball /tmp/npm-15030-a0dac859/registry.npmjs.org/node/-/node-10.0.0.tgz not in flight; adding
63 verbose addTmpTarball already have metadata; skipping unpack for node@10.0.0
64 silly cache afterAdd node@10.0.0
65 verbose afterAdd /home/nmaddp1995/.npm/node/10.0.0/package/package.json not in flight; writing
66 verbose afterAdd /home/nmaddp1995/.npm/node/10.0.0/package/package.json written
67 silly fetchNamedPackageData node-bin-setup
68 silly mapToRegistry name node-bin-setup
69 silly mapToRegistry using default registry
70 silly mapToRegistry registry https://registry.npmjs.org/
71 silly mapToRegistry uri https://registry.npmjs.org/node-bin-setup
72 verbose request uri https://registry.npmjs.org/node-bin-setup
73 verbose request no auth needed
74 info attempt registry request try #1 at 12:09:48 PM
75 http request GET https://registry.npmjs.org/node-bin-setup
76 http 200 https://registry.npmjs.org/node-bin-setup
77 verbose headers { 'content-type': 'application/json; charset=UTF-8',
77 verbose headers   server: 'UploadServer',
77 verbose headers   'cache-control': 'max-age=300',
77 verbose headers   'last-modified': 'Tue, 25 Jul 2017 3:32:58 GMT',
77 verbose headers   etag: '"5976bbea-1511"',
77 verbose headers   'x-npm-region': 'Asia',
77 verbose headers   'content-encoding': 'gzip',
77 verbose headers   'content-length': '1464',
77 verbose headers   'accept-ranges': 'bytes',
77 verbose headers   date: 'Fri, 04 May 2018 05:09:49 GMT',
77 verbose headers   via: '1.1 varnish',
77 verbose headers   age: '0',
77 verbose headers   connection: 'keep-alive',
77 verbose headers   'x-served-by': 'cache-nrt6129-NRT',
77 verbose headers   'x-cache': 'MISS',
77 verbose headers   'x-cache-hits': '0',
77 verbose headers   'x-timer': 'S1525410589.086747,VS0,VE271',
77 verbose headers   vary: 'Accept-Encoding, Accept' }
78 silly get cb [ 200,
78 silly get   { 'content-type': 'application/json; charset=UTF-8',
78 silly get     server: 'UploadServer',
78 silly get     'cache-control': 'max-age=300',
78 silly get     'last-modified': 'Tue, 25 Jul 2017 3:32:58 GMT',
78 silly get     etag: '"5976bbea-1511"',
78 silly get     'x-npm-region': 'Asia',
78 silly get     'content-encoding': 'gzip',
78 silly get     'content-length': '1464',
78 silly get     'accept-ranges': 'bytes',
78 silly get     date: 'Fri, 04 May 2018 05:09:49 GMT',
78 silly get     via: '1.1 varnish',
78 silly get     age: '0',
78 silly get     connection: 'keep-alive',
78 silly get     'x-served-by': 'cache-nrt6129-NRT',
78 silly get     'x-cache': 'MISS',
78 silly get     'x-cache-hits': '0',
78 silly get     'x-timer': 'S1525410589.086747,VS0,VE271',
78 silly get     vary: 'Accept-Encoding, Accept' } ]
79 verbose get saving node-bin-setup to /home/nmaddp1995/.npm/registry.npmjs.org/node-bin-setup/.cache.json
80 silly resolveWithNewModule node-bin-setup@1.0.6 checking installable status
81 silly cache add args [ 'node-bin-setup@^1.0.0', null ]
82 verbose cache add spec node-bin-setup@^1.0.0
83 silly cache add parsed spec Result {
83 silly cache add   raw: 'node-bin-setup@^1.0.0',
83 silly cache add   scope: null,
83 silly cache add   name: 'node-bin-setup',
83 silly cache add   rawSpec: '^1.0.0',
83 silly cache add   spec: '>=1.0.0 <2.0.0',
83 silly cache add   type: 'range' }
84 silly addNamed node-bin-setup@>=1.0.0 <2.0.0
85 verbose addNamed ">=1.0.0 <2.0.0" is a valid semver range for node-bin-setup
86 silly addNameRange { name: 'node-bin-setup',
86 silly addNameRange   range: '>=1.0.0 <2.0.0',
86 silly addNameRange   hasData: false }
87 silly mapToRegistry name node-bin-setup
88 silly mapToRegistry using default registry
89 silly mapToRegistry registry https://registry.npmjs.org/
90 silly mapToRegistry uri https://registry.npmjs.org/node-bin-setup
91 verbose addNameRange registry:https://registry.npmjs.org/node-bin-setup not in flight; fetching
92 verbose get https://registry.npmjs.org/node-bin-setup not expired, no request
93 silly addNameRange number 2 { name: 'node-bin-setup',
93 silly addNameRange   range: '>=1.0.0 <2.0.0',
93 silly addNameRange   hasData: true }
94 silly addNameRange versions [ 'node-bin-setup',
94 silly addNameRange   [ '1.0.0', '1.0.1', '1.0.2', '1.0.3', '1.0.4', '1.0.6' ] ]
95 silly addNamed node-bin-setup@1.0.6
96 verbose addNamed "1.0.6" is a plain semver version for node-bin-setup
97 silly mapToRegistry name node-bin-setup
98 silly mapToRegistry using default registry
99 silly mapToRegistry registry https://registry.npmjs.org/
100 silly mapToRegistry uri https://registry.npmjs.org/node-bin-setup
101 verbose addRemoteTarball https://registry.npmjs.org/node-bin-setup/-/node-bin-setup-1.0.6.tgz not in flight; adding
102 verbose addRemoteTarball [ 'https://registry.npmjs.org/node-bin-setup/-/node-bin-setup-1.0.6.tgz',
102 verbose addRemoteTarball   '4b5c9bb937ece702d7069b36ca78af4684677528' ]
103 info retry fetch attempt 1 at 12:09:49 PM
104 info attempt registry request try #1 at 12:09:49 PM
105 http fetch GET https://registry.npmjs.org/node-bin-setup/-/node-bin-setup-1.0.6.tgz
106 http fetch 200 https://registry.npmjs.org/node-bin-setup/-/node-bin-setup-1.0.6.tgz
107 silly fetchAndShaCheck shasum 4b5c9bb937ece702d7069b36ca78af4684677528
108 verbose addTmpTarball /tmp/npm-15030-a0dac859/registry.npmjs.org/node-bin-setup/-/node-bin-setup-1.0.6.tgz not in flight; adding
109 verbose addTmpTarball already have metadata; skipping unpack for node-bin-setup@1.0.6
110 silly cache afterAdd node-bin-setup@1.0.6
111 verbose afterAdd /home/nmaddp1995/.npm/node-bin-setup/1.0.6/package/package.json not in flight; writing
112 verbose afterAdd /home/nmaddp1995/.npm/node-bin-setup/1.0.6/package/package.json written
113 silly loadAllDepsIntoIdealTree Finishing
114 silly idealTree:prePrune nmaddp1995
114 silly idealTree:prePrune ├── bl@1.2.2
114 silly idealTree:prePrune ├── core-util-is@1.0.2
114 silly idealTree:prePrune ├── inherits@2.0.3
114 silly idealTree:prePrune ├── isarray@1.0.0
114 silly idealTree:prePrune ├── node-bin-setup@1.0.6
114 silly idealTree:prePrune ├── node@10.0.0
114 silly idealTree:prePrune ├── process-nextick-args@2.0.0
114 silly idealTree:prePrune ├── readable-stream@2.3.6
114 silly idealTree:prePrune ├── safe-buffer@5.1.2
114 silly idealTree:prePrune ├── string_decoder@1.1.1
114 silly idealTree:prePrune └── util-deprecate@1.0.2
115 silly loadIdealTree Finishing
116 silly currentTree nmaddp1995
116 silly currentTree ├── bl@1.2.2
116 silly currentTree ├── core-util-is@1.0.2
116 silly currentTree ├── inherits@2.0.3
116 silly currentTree ├── isarray@1.0.0
116 silly currentTree ├── process-nextick-args@2.0.0
116 silly currentTree ├── readable-stream@2.3.6
116 silly currentTree ├── safe-buffer@5.1.2
116 silly currentTree ├── string_decoder@1.1.1
116 silly currentTree └── util-deprecate@1.0.2
117 silly idealTree nmaddp1995
117 silly idealTree ├── bl@1.2.2
117 silly idealTree ├── core-util-is@1.0.2
117 silly idealTree ├── inherits@2.0.3
117 silly idealTree ├── isarray@1.0.0
117 silly idealTree ├── node-bin-setup@1.0.6
117 silly idealTree ├── node@10.0.0
117 silly idealTree ├── process-nextick-args@2.0.0
117 silly idealTree ├── readable-stream@2.3.6
117 silly idealTree ├── safe-buffer@5.1.2
117 silly idealTree ├── string_decoder@1.1.1
117 silly idealTree └── util-deprecate@1.0.2
118 silly generateActionsToTake Starting
119 silly install generateActionsToTake
120 warn checkPermissions Missing write access to /home/nmaddp1995/node_modules
121 silly rollbackFailedOptional Starting
122 silly rollbackFailedOptional Finishing
123 silly runTopLevelLifecycles Starting
124 silly runTopLevelLifecycles Finishing
125 silly install printInstalled
126 warn enoent ENOENT: no such file or directory, open '/home/nmaddp1995/package.json'
127 warn nmaddp1995 No description
128 warn nmaddp1995 No repository field.
129 warn nmaddp1995 No README data
130 warn nmaddp1995 No license field.
131 verbose stack Error: EACCES: permission denied, access '/home/nmaddp1995/node_modules'
131 verbose stack     at Error (native)
132 verbose cwd /home/nmaddp1995/nodejs/learnyounode
133 error Linux 4.13.0-39-generic
134 error argv "/usr/bin/nodejs" "/usr/bin/npm" "install" "node"
135 error node v4.2.6
136 error npm  v3.5.2
137 error path /home/nmaddp1995/node_modules
138 error code EACCES
139 error errno -13
140 error syscall access
141 error Error: EACCES: permission denied, access '/home/nmaddp1995/node_modules'
141 error     at Error (native)
141 error  { [Error: EACCES: permission denied, access '/home/nmaddp1995/node_modules']
141 error   errno: -13,
141 error   code: 'EACCES',
141 error   syscall: 'access',
141 error   path: '/home/nmaddp1995/node_modules' }
142 error Please try running this command again as root/Administrator.
143 verbose exit [ -13, true ]
